[08-Nov-2018 21:49:36 UTC] PHP Parse error:  syntax error, unexpected '=>' (T_DOUBLE_ARROW), expecting ']' in /home/ubuntu/workspace/instagram/frontend/controllers/SiteController.php on line 51
[08-Nov-2018 21:49:36 UTC] PHP Stack trace:
[08-Nov-2018 21:49:36 UTC] PHP   1. {main}() /home/ubuntu/workspace/instagram/frontend/web/index.php:0
[08-Nov-2018 21:49:36 UTC] PHP   2. yii\base\Application->run() /home/ubuntu/workspace/instagram/frontend/web/index.php:17
[08-Nov-2018 21:49:36 UTC] PHP   3. yii\web\Application->handleRequest() /home/ubuntu/workspace/instagram/vendor/yiisoft/yii2/base/Application.php:386
[08-Nov-2018 21:49:36 UTC] PHP   4. yii\base\Module->runAction() /home/ubuntu/workspace/instagram/vendor/yiisoft/yii2/web/Application.php:103
[08-Nov-2018 21:49:36 UTC] PHP   5. yii\base\Module->createController() /home/ubuntu/workspace/instagram/vendor/yiisoft/yii2/base/Module.php:522
[08-Nov-2018 21:49:36 UTC] PHP   6. yii\base\Module->createControllerByID() /home/ubuntu/workspace/instagram/vendor/yiisoft/yii2/base/Module.php:596
[08-Nov-2018 21:49:36 UTC] PHP   7. class_exists() /home/ubuntu/workspace/instagram/vendor/yiisoft/yii2/base/Module.php:637
[08-Nov-2018 21:49:36 UTC] PHP   8. spl_autoload_call() /home/ubuntu/workspace/instagram/vendor/yiisoft/yii2/base/Module.php:637
[08-Nov-2018 21:49:36 UTC] PHP   9. yii\BaseYii::autoload() /home/ubuntu/workspace/instagram/vendor/yiisoft/yii2/base/Module.php:637
[10-Nov-2018 20:46:16 UTC] PHP Fatal error:  Class 'Url' not found in /home/ubuntu/workspace/instagram/frontend/modules/user/views/profile/view.php on line 12
[10-Nov-2018 20:46:16 UTC] PHP Stack trace:
[10-Nov-2018 20:46:16 UTC] PHP   1. {main}() /home/ubuntu/workspace/instagram/frontend/web/index.php:0
[10-Nov-2018 20:46:16 UTC] PHP   2. yii\base\Application->run() /home/ubuntu/workspace/instagram/frontend/web/index.php:17
[10-Nov-2018 20:46:16 UTC] PHP   3. yii\web\Application->handleRequest() /home/ubuntu/workspace/instagram/vendor/yiisoft/yii2/base/Application.php:386
[10-Nov-2018 20:46:16 UTC] PHP   4. yii\base\Module->runAction() /home/ubuntu/workspace/instagram/vendor/yiisoft/yii2/web/Application.php:103
[10-Nov-2018 20:46:16 UTC] PHP   5. yii\base\Controller->runAction() /home/ubuntu/workspace/instagram/vendor/yiisoft/yii2/base/Module.php:528
[10-Nov-2018 20:46:16 UTC] PHP   6. yii\base\InlineAction->runWithParams() /home/ubuntu/workspace/instagram/vendor/yiisoft/yii2/base/Controller.php:157
[10-Nov-2018 20:46:16 UTC] PHP   7. call_user_func_array:{/home/ubuntu/workspace/instagram/vendor/yiisoft/yii2/base/InlineAction.php:57}() /home/ubuntu/workspace/instagram/vendor/yiisoft/yii2/base/InlineAction.php:57
[10-Nov-2018 20:46:16 UTC] PHP   8. frontend\modules\user\controllers\ProfileController->actionView() /home/ubuntu/workspace/instagram/vendor/yiisoft/yii2/base/InlineAction.php:57
[10-Nov-2018 20:46:16 UTC] PHP   9. yii\base\Controller->render() /home/ubuntu/workspace/instagram/frontend/modules/user/controllers/ProfileController.php:20
[10-Nov-2018 20:46:16 UTC] PHP  10. yii\base\View->render() /home/ubuntu/workspace/instagram/vendor/yiisoft/yii2/base/Controller.php:384
[10-Nov-2018 20:46:16 UTC] PHP  11. yii\base\View->renderFile() /home/ubuntu/workspace/instagram/vendor/yiisoft/yii2/base/View.php:156
[10-Nov-2018 20:46:16 UTC] PHP  12. yii\base\View->renderPhpFile() /home/ubuntu/workspace/instagram/vendor/yiisoft/yii2/base/View.php:254
[10-Nov-2018 20:46:16 UTC] PHP  13. require() /home/ubuntu/workspace/instagram/vendor/yiisoft/yii2/base/View.php:336
[10-Nov-2018 20:52:15 UTC] PHP Fatal error:  Class 'frontend\modules\user\controllers\Yii' not found in /home/ubuntu/workspace/instagram/frontend/modules/user/controllers/ProfileController.php on line 24
[10-Nov-2018 20:52:15 UTC] PHP Stack trace:
[10-Nov-2018 20:52:15 UTC] PHP   1. {main}() /home/ubuntu/workspace/instagram/frontend/web/index.php:0
[10-Nov-2018 20:52:15 UTC] PHP   2. yii\base\Application->run() /home/ubuntu/workspace/instagram/frontend/web/index.php:17
[10-Nov-2018 20:52:15 UTC] PHP   3. yii\web\Application->handleRequest() /home/ubuntu/workspace/instagram/vendor/yiisoft/yii2/base/Application.php:386
[10-Nov-2018 20:52:15 UTC] PHP   4. yii\base\Module->runAction() /home/ubuntu/workspace/instagram/vendor/yiisoft/yii2/web/Application.php:103
[10-Nov-2018 20:52:15 UTC] PHP   5. yii\base\Controller->runAction() /home/ubuntu/workspace/instagram/vendor/yiisoft/yii2/base/Module.php:528
[10-Nov-2018 20:52:15 UTC] PHP   6. yii\base\InlineAction->runWithParams() /home/ubuntu/workspace/instagram/vendor/yiisoft/yii2/base/Controller.php:157
[10-Nov-2018 20:52:15 UTC] PHP   7. call_user_func_array:{/home/ubuntu/workspace/instagram/vendor/yiisoft/yii2/base/InlineAction.php:57}() /home/ubuntu/workspace/instagram/vendor/yiisoft/yii2/base/InlineAction.php:57
[10-Nov-2018 20:52:15 UTC] PHP   8. frontend\modules\user\controllers\ProfileController->actionSubscribe() /home/ubuntu/workspace/instagram/vendor/yiisoft/yii2/base/InlineAction.php:57
[10-Nov-2018 21:18:05 UTC] An Error occurred while handling another error:
exception 'yii\web\HeadersAlreadySentException' with message 'Headers already sent in /home/ubuntu/workspace/instagram/frontend/modules/user/controllers/ProfileController.php on line 36.' in /home/ubuntu/workspace/instagram/vendor/yiisoft/yii2/web/Response.php:366
Stack trace:
#0 /home/ubuntu/workspace/instagram/vendor/yiisoft/yii2/web/Response.php(339): yii\web\Response->sendHeaders()
#1 /home/ubuntu/workspace/instagram/vendor/yiisoft/yii2/web/ErrorHandler.php(135): yii\web\Response->send()
#2 /home/ubuntu/workspace/instagram/vendor/yiisoft/yii2/base/ErrorHandler.php(111): yii\web\ErrorHandler->renderException(Object(yii\web\HeadersAlreadySentException))
#3 [internal function]: yii\base\ErrorHandler->handleException(Object(yii\web\HeadersAlreadySentException))
#4 {main}
Previous exception:
exception 'yii\web\HeadersAlreadySentException' with message 'Headers already sent in /home/ubuntu/workspace/instagram/frontend/modules/user/controllers/ProfileController.php on line 36.' in /home/ubuntu/workspace/instagram/vendor/yiisoft/yii2/web/Response.php:366
Stack trace:
#0 /home/ubuntu/workspace/instagram/vendor/yiisoft/yii2/web/Response.php(339): yii\web\Response->sendHeaders()
#1 /home/ubuntu/workspace/instagram/vendor/yiisoft/yii2/base/Application.php(392): yii\web\Response->send()
#2 /home/ubuntu/workspace/instagram/frontend/web/index.php(17): yii\base\Application->run()
#3 {main}
$_SERVER = [
    'REDIRECT_STATUS' => '200',
    'HTTP_HOST' => 'yii2-photo-hosting-blog-alexringo.c9users.io:80',
    'HTTP_UPGRADE_INSECURE_REQUESTS' => '1',
    'HTTP_USER_AGENT' => 'Mozilla/5.0 (X11; Linux x86_64) AppleWebKit/537.36 (KHTML, like Gecko) Chrome/70.0.3538.77 Safari/537.36',
    'HTTP_ACCEPT' => 'text/html,application/xhtml+xml,application/xml;q=0.9,image/webp,image/apng,*/*;q=0.8',
    'HTTP_REFERER' => 'http://yii2-photo-hosting-blog-alexringo.c9users.io/profile/superats',
    'HTTP_ACCEPT_ENCODING' => 'gzip, deflate',
    'HTTP_ACCEPT_LANGUAGE' => 'ru-RU,ru;q=0.9,en-US;q=0.8,en;q=0.7',
    'HTTP_COOKIE' => 'XDEBUG_SESSION=cloud9ide; advanced-frontend=en4dqiodplcr03t5g38bvm5vc3; _identity-frontend=a31552fec2bbcd3d0ce17733822bf7430fc7be190078687d3ff5b5052dfc7a1da%3A2%3A%7Bi%3A0%3Bs%3A18%3A%22_identity-frontend%22%3Bi%3A1%3Bs%3A46%3A%22%5B1%2C%22HBtS3L_gML2U8Dmpwz46zlGPREjsPc0X%22%2C2592000%5D%22%3B%7D; _csrf-frontend=288a3b6530507e9d0f2f8ce83d1fb8922e87c93f2d36f67a2256bacc20cc7985a%3A2%3A%7Bi%3A0%3Bs%3A14%3A%22_csrf-frontend%22%3Bi%3A1%3Bs%3A32%3A%22xc1gCJ0jCNXjSfah92dfpoocULPXLSdj%22%3B%7D',
    'HTTP_X_FORWARDED_PROTO' => 'http',
    'HTTP_X_FORWARDED_PORT' => '80',
    'HTTP_X_FORWARDED_FOR' => '178.130.30.58',
    'HTTP_CONNECTION' => 'keep-alive',
    'PATH' => '/home/ubuntu/.nvm/versions/node/v6.11.2/bin:/usr/local/rvm/gems/ruby-2.4.0/bin:/usr/local/rvm/gems/ruby-2.4.0@global/bin:/usr/local/rvm/rubies/ruby-2.4.0/bin:/mnt/shared/bin:/home/ubuntu/workspace/node_modules/.bin:/home/ubuntu/bin:/usr/local/sbin:/usr/local/bin:/usr/sbin:/usr/bin:/sbin:/bin:/mnt/shared/sbin:/opt/gitl:/opt/go/bin:/mnt/shared/c9/app.nw/bin:/usr/local/rvm/bin',
    'SERVER_SIGNATURE' => '<address>Apache/2.4.7 (Ubuntu) Server at yii2-photo-hosting-blog-alexringo.c9users.io Port 80</address>
',
    'SERVER_SOFTWARE' => 'Apache/2.4.7 (Ubuntu)',
    'SERVER_NAME' => 'yii2-photo-hosting-blog-alexringo.c9users.io',
    'SERVER_ADDR' => '172.17.0.11',
    'SERVER_PORT' => '80',
    'REMOTE_ADDR' => '10.240.0.227',
    'DOCUMENT_ROOT' => '/home/ubuntu/workspace/instagram/frontend/web',
    'REQUEST_SCHEME' => 'https',
    'CONTEXT_PREFIX' => '',
    'CONTEXT_DOCUMENT_ROOT' => '/home/ubuntu/workspace/instagram/frontend/web',
    'SERVER_ADMIN' => '[no address given]',
    'SCRIPT_FILENAME' => '/home/ubuntu/workspace/instagram/frontend/web/index.php',
    'REMOTE_PORT' => '50460',
    'REDIRECT_QUERY_STRING' => 'id=1',
    'REDIRECT_URL' => '/user/profile/subscribe',
    'GATEWAY_INTERFACE' => 'CGI/1.1',
    'SERVER_PROTOCOL' => 'HTTP/1.1',
    'REQUEST_METHOD' => 'GET',
    'QUERY_STRING' => 'id=1',
    'REQUEST_URI' => '/user/profile/subscribe?id=1',
    'SCRIPT_NAME' => '/index.php',
    'PHP_SELF' => '/index.php',
    'REQUEST_TIME_FLOAT' => 1541884685.3929998874664306640625,
    'REQUEST_TIME' => 1541884685,
]
[10-Nov-2018 21:18:29 UTC] An Error occurred while handling another error:
exception 'yii\web\HeadersAlreadySentException' with message 'Headers already sent in /home/ubuntu/workspace/instagram/frontend/modules/user/controllers/ProfileController.php on line 36.' in /home/ubuntu/workspace/instagram/vendor/yiisoft/yii2/web/Response.php:366
Stack trace:
#0 /home/ubuntu/workspace/instagram/vendor/yiisoft/yii2/web/Response.php(339): yii\web\Response->sendHeaders()
#1 /home/ubuntu/workspace/instagram/vendor/yiisoft/yii2/web/ErrorHandler.php(135): yii\web\Response->send()
#2 /home/ubuntu/workspace/instagram/vendor/yiisoft/yii2/base/ErrorHandler.php(111): yii\web\ErrorHandler->renderException(Object(yii\web\HeadersAlreadySentException))
#3 [internal function]: yii\base\ErrorHandler->handleException(Object(yii\web\HeadersAlreadySentException))
#4 {main}
Previous exception:
exception 'yii\web\HeadersAlreadySentException' with message 'Headers already sent in /home/ubuntu/workspace/instagram/frontend/modules/user/controllers/ProfileController.php on line 36.' in /home/ubuntu/workspace/instagram/vendor/yiisoft/yii2/web/Response.php:366
Stack trace:
#0 /home/ubuntu/workspace/instagram/vendor/yiisoft/yii2/web/Response.php(339): yii\web\Response->sendHeaders()
#1 /home/ubuntu/workspace/instagram/vendor/yiisoft/yii2/base/Application.php(392): yii\web\Response->send()
#2 /home/ubuntu/workspace/instagram/frontend/web/index.php(17): yii\base\Application->run()
#3 {main}
$_SERVER = [
    'REDIRECT_STATUS' => '200',
    'HTTP_HOST' => 'yii2-photo-hosting-blog-alexringo.c9users.io:80',
    'HTTP_UPGRADE_INSECURE_REQUESTS' => '1',
    'HTTP_USER_AGENT' => 'Mozilla/5.0 (X11; Linux x86_64) AppleWebKit/537.36 (KHTML, like Gecko) Chrome/70.0.3538.77 Safari/537.36',
    'HTTP_ACCEPT' => 'text/html,application/xhtml+xml,application/xml;q=0.9,image/webp,image/apng,*/*;q=0.8',
    'HTTP_REFERER' => 'http://yii2-photo-hosting-blog-alexringo.c9users.io/profile/2',
    'HTTP_ACCEPT_ENCODING' => 'gzip, deflate',
    'HTTP_ACCEPT_LANGUAGE' => 'ru-RU,ru;q=0.9,en-US;q=0.8,en;q=0.7',
    'HTTP_COOKIE' => 'XDEBUG_SESSION=cloud9ide; advanced-frontend=en4dqiodplcr03t5g38bvm5vc3; _identity-frontend=a31552fec2bbcd3d0ce17733822bf7430fc7be190078687d3ff5b5052dfc7a1da%3A2%3A%7Bi%3A0%3Bs%3A18%3A%22_identity-frontend%22%3Bi%3A1%3Bs%3A46%3A%22%5B1%2C%22HBtS3L_gML2U8Dmpwz46zlGPREjsPc0X%22%2C2592000%5D%22%3B%7D; _csrf-frontend=288a3b6530507e9d0f2f8ce83d1fb8922e87c93f2d36f67a2256bacc20cc7985a%3A2%3A%7Bi%3A0%3Bs%3A14%3A%22_csrf-frontend%22%3Bi%3A1%3Bs%3A32%3A%22xc1gCJ0jCNXjSfah92dfpoocULPXLSdj%22%3B%7D',
    'HTTP_X_FORWARDED_PROTO' => 'http',
    'HTTP_X_FORWARDED_PORT' => '80',
    'HTTP_X_FORWARDED_FOR' => '178.130.30.58',
    'HTTP_CONNECTION' => 'keep-alive',
    'PATH' => '/home/ubuntu/.nvm/versions/node/v6.11.2/bin:/usr/local/rvm/gems/ruby-2.4.0/bin:/usr/local/rvm/gems/ruby-2.4.0@global/bin:/usr/local/rvm/rubies/ruby-2.4.0/bin:/mnt/shared/bin:/home/ubuntu/workspace/node_modules/.bin:/home/ubuntu/bin:/usr/local/sbin:/usr/local/bin:/usr/sbin:/usr/bin:/sbin:/bin:/mnt/shared/sbin:/opt/gitl:/opt/go/bin:/mnt/shared/c9/app.nw/bin:/usr/local/rvm/bin',
    'SERVER_SIGNATURE' => '<address>Apache/2.4.7 (Ubuntu) Server at yii2-photo-hosting-blog-alexringo.c9users.io Port 80</address>
',
    'SERVER_SOFTWARE' => 'Apache/2.4.7 (Ubuntu)',
    'SERVER_NAME' => 'yii2-photo-hosting-blog-alexringo.c9users.io',
    'SERVER_ADDR' => '172.17.0.11',
    'SERVER_PORT' => '80',
    'REMOTE_ADDR' => '10.240.0.227',
    'DOCUMENT_ROOT' => '/home/ubuntu/workspace/instagram/frontend/web',
    'REQUEST_SCHEME' => 'https',
    'CONTEXT_PREFIX' => '',
    'CONTEXT_DOCUMENT_ROOT' => '/home/ubuntu/workspace/instagram/frontend/web',
    'SERVER_ADMIN' => '[no address given]',
    'SCRIPT_FILENAME' => '/home/ubuntu/workspace/instagram/frontend/web/index.php',
    'REMOTE_PORT' => '50672',
    'REDIRECT_QUERY_STRING' => 'id=2',
    'REDIRECT_URL' => '/user/profile/subscribe',
    'GATEWAY_INTERFACE' => 'CGI/1.1',
    'SERVER_PROTOCOL' => 'HTTP/1.1',
    'REQUEST_METHOD' => 'GET',
    'QUERY_STRING' => 'id=2',
    'REQUEST_URI' => '/user/profile/subscribe?id=2',
    'SCRIPT_NAME' => '/index.php',
    'PHP_SELF' => '/index.php',
    'REQUEST_TIME_FLOAT' => 1541884709.151999950408935546875,
    'REQUEST_TIME' => 1541884709,
]
[13-Nov-2018 09:50:17 UTC] PHP Fatal error:  Call to a member function getMutualSubscriptionsTo() on a non-object in /home/ubuntu/workspace/instagram/frontend/modules/user/views/profile/view.php on line 21
[13-Nov-2018 09:50:17 UTC] PHP Stack trace:
[13-Nov-2018 09:50:17 UTC] PHP   1. {main}() /home/ubuntu/workspace/instagram/frontend/web/index.php:0
[13-Nov-2018 09:50:17 UTC] PHP   2. yii\base\Application->run() /home/ubuntu/workspace/instagram/frontend/web/index.php:17
[13-Nov-2018 09:50:17 UTC] PHP   3. yii\web\Application->handleRequest() /home/ubuntu/workspace/instagram/vendor/yiisoft/yii2/base/Application.php:386
[13-Nov-2018 09:50:17 UTC] PHP   4. yii\base\Module->runAction() /home/ubuntu/workspace/instagram/vendor/yiisoft/yii2/web/Application.php:103
[13-Nov-2018 09:50:17 UTC] PHP   5. yii\base\Controller->runAction() /home/ubuntu/workspace/instagram/vendor/yiisoft/yii2/base/Module.php:528
[13-Nov-2018 09:50:17 UTC] PHP   6. yii\base\InlineAction->runWithParams() /home/ubuntu/workspace/instagram/vendor/yiisoft/yii2/base/Controller.php:157
[13-Nov-2018 09:50:17 UTC] PHP   7. call_user_func_array:{/home/ubuntu/workspace/instagram/vendor/yiisoft/yii2/base/InlineAction.php:57}() /home/ubuntu/workspace/instagram/vendor/yiisoft/yii2/base/InlineAction.php:57
[13-Nov-2018 09:50:17 UTC] PHP   8. frontend\modules\user\controllers\ProfileController->actionView() /home/ubuntu/workspace/instagram/vendor/yiisoft/yii2/base/InlineAction.php:57
[13-Nov-2018 09:50:17 UTC] PHP   9. yii\base\Controller->render() /home/ubuntu/workspace/instagram/frontend/modules/user/controllers/ProfileController.php:25
[13-Nov-2018 09:50:17 UTC] PHP  10. yii\base\View->render() /home/ubuntu/workspace/instagram/vendor/yiisoft/yii2/base/Controller.php:384
[13-Nov-2018 09:50:17 UTC] PHP  11. yii\base\View->renderFile() /home/ubuntu/workspace/instagram/vendor/yiisoft/yii2/base/View.php:156
[13-Nov-2018 09:50:17 UTC] PHP  12. yii\base\View->renderPhpFile() /home/ubuntu/workspace/instagram/vendor/yiisoft/yii2/base/View.php:254
[13-Nov-2018 09:50:17 UTC] PHP  13. require() /home/ubuntu/workspace/instagram/vendor/yiisoft/yii2/base/View.php:336
[13-Nov-2018 09:51:12 UTC] PHP Fatal error:  Call to a member function getMutualSubscriptionsTo1() on a non-object in /home/ubuntu/workspace/instagram/frontend/modules/user/views/profile/view.php on line 21
[13-Nov-2018 09:51:12 UTC] PHP Stack trace:
[13-Nov-2018 09:51:12 UTC] PHP   1. {main}() /home/ubuntu/workspace/instagram/frontend/web/index.php:0
[13-Nov-2018 09:51:12 UTC] PHP   2. yii\base\Application->run() /home/ubuntu/workspace/instagram/frontend/web/index.php:17
[13-Nov-2018 09:51:12 UTC] PHP   3. yii\web\Application->handleRequest() /home/ubuntu/workspace/instagram/vendor/yiisoft/yii2/base/Application.php:386
[13-Nov-2018 09:51:12 UTC] PHP   4. yii\base\Module->runAction() /home/ubuntu/workspace/instagram/vendor/yiisoft/yii2/web/Application.php:103
[13-Nov-2018 09:51:12 UTC] PHP   5. yii\base\Controller->runAction() /home/ubuntu/workspace/instagram/vendor/yiisoft/yii2/base/Module.php:528
[13-Nov-2018 09:51:12 UTC] PHP   6. yii\base\InlineAction->runWithParams() /home/ubuntu/workspace/instagram/vendor/yiisoft/yii2/base/Controller.php:157
[13-Nov-2018 09:51:12 UTC] PHP   7. call_user_func_array:{/home/ubuntu/workspace/instagram/vendor/yiisoft/yii2/base/InlineAction.php:57}() /home/ubuntu/workspace/instagram/vendor/yiisoft/yii2/base/InlineAction.php:57
[13-Nov-2018 09:51:12 UTC] PHP   8. frontend\modules\user\controllers\ProfileController->actionView() /home/ubuntu/workspace/instagram/vendor/yiisoft/yii2/base/InlineAction.php:57
[13-Nov-2018 09:51:12 UTC] PHP   9. yii\base\Controller->render() /home/ubuntu/workspace/instagram/frontend/modules/user/controllers/ProfileController.php:25
[13-Nov-2018 09:51:12 UTC] PHP  10. yii\base\View->render() /home/ubuntu/workspace/instagram/vendor/yiisoft/yii2/base/Controller.php:384
[13-Nov-2018 09:51:12 UTC] PHP  11. yii\base\View->renderFile() /home/ubuntu/workspace/instagram/vendor/yiisoft/yii2/base/View.php:156
[13-Nov-2018 09:51:12 UTC] PHP  12. yii\base\View->renderPhpFile() /home/ubuntu/workspace/instagram/vendor/yiisoft/yii2/base/View.php:254
[13-Nov-2018 09:51:12 UTC] PHP  13. require() /home/ubuntu/workspace/instagram/vendor/yiisoft/yii2/base/View.php:336
[13-Nov-2018 09:52:12 UTC] PHP Fatal error:  Call to a member function getMutualSubscriptionsTo() on a non-object in /home/ubuntu/workspace/instagram/frontend/modules/user/views/profile/view.php on line 21
[13-Nov-2018 09:52:12 UTC] PHP Stack trace:
[13-Nov-2018 09:52:12 UTC] PHP   1. {main}() /home/ubuntu/workspace/instagram/frontend/web/index.php:0
[13-Nov-2018 09:52:12 UTC] PHP   2. yii\base\Application->run() /home/ubuntu/workspace/instagram/frontend/web/index.php:17
[13-Nov-2018 09:52:12 UTC] PHP   3. yii\web\Application->handleRequest() /home/ubuntu/workspace/instagram/vendor/yiisoft/yii2/base/Application.php:386
[13-Nov-2018 09:52:12 UTC] PHP   4. yii\base\Module->runAction() /home/ubuntu/workspace/instagram/vendor/yiisoft/yii2/web/Application.php:103
[13-Nov-2018 09:52:12 UTC] PHP   5. yii\base\Controller->runAction() /home/ubuntu/workspace/instagram/vendor/yiisoft/yii2/base/Module.php:528
[13-Nov-2018 09:52:12 UTC] PHP   6. yii\base\InlineAction->runWithParams() /home/ubuntu/workspace/instagram/vendor/yiisoft/yii2/base/Controller.php:157
[13-Nov-2018 09:52:12 UTC] PHP   7. call_user_func_array:{/home/ubuntu/workspace/instagram/vendor/yiisoft/yii2/base/InlineAction.php:57}() /home/ubuntu/workspace/instagram/vendor/yiisoft/yii2/base/InlineAction.php:57
[13-Nov-2018 09:52:12 UTC] PHP   8. frontend\modules\user\controllers\ProfileController->actionView() /home/ubuntu/workspace/instagram/vendor/yiisoft/yii2/base/InlineAction.php:57
[13-Nov-2018 09:52:12 UTC] PHP   9. yii\base\Controller->render() /home/ubuntu/workspace/instagram/frontend/modules/user/controllers/ProfileController.php:25
[13-Nov-2018 09:52:12 UTC] PHP  10. yii\base\View->render() /home/ubuntu/workspace/instagram/vendor/yiisoft/yii2/base/Controller.php:384
[13-Nov-2018 09:52:12 UTC] PHP  11. yii\base\View->renderFile() /home/ubuntu/workspace/instagram/vendor/yiisoft/yii2/base/View.php:156
[13-Nov-2018 09:52:12 UTC] PHP  12. yii\base\View->renderPhpFile() /home/ubuntu/workspace/instagram/vendor/yiisoft/yii2/base/View.php:254
[13-Nov-2018 09:52:12 UTC] PHP  13. require() /home/ubuntu/workspace/instagram/vendor/yiisoft/yii2/base/View.php:336
[13-Nov-2018 10:56:13 UTC] PHP Fatal error:  Nesting level too deep - recursive dependency? in /home/ubuntu/workspace/instagram/frontend/modules/user/views/profile/view.php on line 14
[13-Nov-2018 10:56:13 UTC] PHP Stack trace:
[13-Nov-2018 10:56:13 UTC] PHP   1. {main}() /home/ubuntu/workspace/instagram/frontend/web/index.php:0
[13-Nov-2018 10:56:13 UTC] PHP   2. yii\base\Application->run() /home/ubuntu/workspace/instagram/frontend/web/index.php:17
[13-Nov-2018 10:56:13 UTC] PHP   3. yii\web\Application->handleRequest() /home/ubuntu/workspace/instagram/vendor/yiisoft/yii2/base/Application.php:386
[13-Nov-2018 10:56:13 UTC] PHP   4. yii\base\Module->runAction() /home/ubuntu/workspace/instagram/vendor/yiisoft/yii2/web/Application.php:103
[13-Nov-2018 10:56:13 UTC] PHP   5. yii\base\Controller->runAction() /home/ubuntu/workspace/instagram/vendor/yiisoft/yii2/base/Module.php:528
[13-Nov-2018 10:56:13 UTC] PHP   6. yii\base\InlineAction->runWithParams() /home/ubuntu/workspace/instagram/vendor/yiisoft/yii2/base/Controller.php:157
[13-Nov-2018 10:56:13 UTC] PHP   7. call_user_func_array:{/home/ubuntu/workspace/instagram/vendor/yiisoft/yii2/base/InlineAction.php:57}() /home/ubuntu/workspace/instagram/vendor/yiisoft/yii2/base/InlineAction.php:57
[13-Nov-2018 10:56:13 UTC] PHP   8. frontend\modules\user\controllers\ProfileController->actionView() /home/ubuntu/workspace/instagram/vendor/yiisoft/yii2/base/InlineAction.php:57
[13-Nov-2018 10:56:13 UTC] PHP   9. yii\base\Controller->render() /home/ubuntu/workspace/instagram/frontend/modules/user/controllers/ProfileController.php:25
[13-Nov-2018 10:56:13 UTC] PHP  10. yii\base\View->render() /home/ubuntu/workspace/instagram/vendor/yiisoft/yii2/base/Controller.php:384
[13-Nov-2018 10:56:13 UTC] PHP  11. yii\base\View->renderFile() /home/ubuntu/workspace/instagram/vendor/yiisoft/yii2/base/View.php:156
[13-Nov-2018 10:56:13 UTC] PHP  12. yii\base\View->renderPhpFile() /home/ubuntu/workspace/instagram/vendor/yiisoft/yii2/base/View.php:254
[13-Nov-2018 10:56:13 UTC] PHP  13. require() /home/ubuntu/workspace/instagram/vendor/yiisoft/yii2/base/View.php:336
[13-Nov-2018 11:17:47 UTC] PHP Parse error:  syntax error, unexpected end of file in /home/ubuntu/workspace/instagram/frontend/modules/user/views/profile/view.php on line 107
[13-Nov-2018 11:17:47 UTC] PHP Stack trace:
[13-Nov-2018 11:17:47 UTC] PHP   1. {main}() /home/ubuntu/workspace/instagram/frontend/web/index.php:0
[13-Nov-2018 11:17:47 UTC] PHP   2. yii\base\Application->run() /home/ubuntu/workspace/instagram/frontend/web/index.php:17
[13-Nov-2018 11:17:47 UTC] PHP   3. yii\web\Application->handleRequest() /home/ubuntu/workspace/instagram/vendor/yiisoft/yii2/base/Application.php:386
[13-Nov-2018 11:17:47 UTC] PHP   4. yii\base\Module->runAction() /home/ubuntu/workspace/instagram/vendor/yiisoft/yii2/web/Application.php:103
[13-Nov-2018 11:17:47 UTC] PHP   5. yii\base\Controller->runAction() /home/ubuntu/workspace/instagram/vendor/yiisoft/yii2/base/Module.php:528
[13-Nov-2018 11:17:47 UTC] PHP   6. yii\base\InlineAction->runWithParams() /home/ubuntu/workspace/instagram/vendor/yiisoft/yii2/base/Controller.php:157
[13-Nov-2018 11:17:47 UTC] PHP   7. call_user_func_array:{/home/ubuntu/workspace/instagram/vendor/yiisoft/yii2/base/InlineAction.php:57}() /home/ubuntu/workspace/instagram/vendor/yiisoft/yii2/base/InlineAction.php:57
[13-Nov-2018 11:17:47 UTC] PHP   8. frontend\modules\user\controllers\ProfileController->actionView() /home/ubuntu/workspace/instagram/vendor/yiisoft/yii2/base/InlineAction.php:57
[13-Nov-2018 11:17:47 UTC] PHP   9. yii\base\Controller->render() /home/ubuntu/workspace/instagram/frontend/modules/user/controllers/ProfileController.php:25
[13-Nov-2018 11:17:47 UTC] PHP  10. yii\base\View->render() /home/ubuntu/workspace/instagram/vendor/yiisoft/yii2/base/Controller.php:384
[13-Nov-2018 11:17:47 UTC] PHP  11. yii\base\View->renderFile() /home/ubuntu/workspace/instagram/vendor/yiisoft/yii2/base/View.php:156
[13-Nov-2018 11:17:47 UTC] PHP  12. yii\base\View->renderPhpFile() /home/ubuntu/workspace/instagram/vendor/yiisoft/yii2/base/View.php:254
[13-Nov-2018 22:15:16 UTC] PHP Fatal error:  Class 'frontend\modules\user\controllers\UploadedFile' not found in /home/ubuntu/workspace/instagram/frontend/modules/user/controllers/ProfileController.php on line 38
[13-Nov-2018 22:15:16 UTC] PHP Stack trace:
[13-Nov-2018 22:15:16 UTC] PHP   1. {main}() /home/ubuntu/workspace/instagram/frontend/web/index.php:0
[13-Nov-2018 22:15:16 UTC] PHP   2. yii\base\Application->run() /home/ubuntu/workspace/instagram/frontend/web/index.php:17
[13-Nov-2018 22:15:16 UTC] PHP   3. yii\web\Application->handleRequest() /home/ubuntu/workspace/instagram/vendor/yiisoft/yii2/base/Application.php:386
[13-Nov-2018 22:15:16 UTC] PHP   4. yii\base\Module->runAction() /home/ubuntu/workspace/instagram/vendor/yiisoft/yii2/web/Application.php:103
[13-Nov-2018 22:15:16 UTC] PHP   5. yii\base\Controller->runAction() /home/ubuntu/workspace/instagram/vendor/yiisoft/yii2/base/Module.php:528
[13-Nov-2018 22:15:16 UTC] PHP   6. yii\base\InlineAction->runWithParams() /home/ubuntu/workspace/instagram/vendor/yiisoft/yii2/base/Controller.php:157
[13-Nov-2018 22:15:16 UTC] PHP   7. call_user_func_array:{/home/ubuntu/workspace/instagram/vendor/yiisoft/yii2/base/InlineAction.php:57}() /home/ubuntu/workspace/instagram/vendor/yiisoft/yii2/base/InlineAction.php:57
[13-Nov-2018 22:15:16 UTC] PHP   8. frontend\modules\user\controllers\ProfileController->actionUploadPicture() /home/ubuntu/workspace/instagram/vendor/yiisoft/yii2/base/InlineAction.php:57
[13-Nov-2018 22:15:19 UTC] PHP Fatal error:  Class 'frontend\modules\user\controllers\UploadedFile' not found in /home/ubuntu/workspace/instagram/frontend/modules/user/controllers/ProfileController.php on line 38
[13-Nov-2018 22:15:19 UTC] PHP Stack trace:
[13-Nov-2018 22:15:19 UTC] PHP   1. {main}() /home/ubuntu/workspace/instagram/frontend/web/index.php:0
[13-Nov-2018 22:15:19 UTC] PHP   2. yii\base\Application->run() /home/ubuntu/workspace/instagram/frontend/web/index.php:17
[13-Nov-2018 22:15:19 UTC] PHP   3. yii\web\Application->handleRequest() /home/ubuntu/workspace/instagram/vendor/yiisoft/yii2/base/Application.php:386
[13-Nov-2018 22:15:19 UTC] PHP   4. yii\base\Module->runAction() /home/ubuntu/workspace/instagram/vendor/yiisoft/yii2/web/Application.php:103
[13-Nov-2018 22:15:19 UTC] PHP   5. yii\base\Controller->runAction() /home/ubuntu/workspace/instagram/vendor/yiisoft/yii2/base/Module.php:528
[13-Nov-2018 22:15:19 UTC] PHP   6. yii\base\InlineAction->runWithParams() /home/ubuntu/workspace/instagram/vendor/yiisoft/yii2/base/Controller.php:157
[13-Nov-2018 22:15:19 UTC] PHP   7. call_user_func_array:{/home/ubuntu/workspace/instagram/vendor/yiisoft/yii2/base/InlineAction.php:57}() /home/ubuntu/workspace/instagram/vendor/yiisoft/yii2/base/InlineAction.php:57
[13-Nov-2018 22:15:19 UTC] PHP   8. frontend\modules\user\controllers\ProfileController->actionUploadPicture() /home/ubuntu/workspace/instagram/vendor/yiisoft/yii2/base/InlineAction.php:57
